DEPRECATION WARNING: Use toplevel init.rb; rails/init.rb is deprecated: /Users/mohit/projects/urbanAdda/vendor/plugins/paperclip/rails/init.rb. (called from /Users/mohit/projects/urbanAdda/config/environment.rb:5)
DEPRECATION WARNING: Use toplevel init.rb; rails/init.rb is deprecated: /Users/mohit/projects/urbanAdda/vendor/plugins/paperclip/rails/init.rb. (called from /Users/mohit/projects/urbanAdda/config/environment.rb:5)
DEPRECATION WARNING: Use toplevel init.rb; rails/init.rb is deprecated: /Users/mohit/projects/urbanAdda/vendor/plugins/paperclip/rails/init.rb. (called from /Users/mohit/projects/urbanAdda/config/environment.rb:5)
  [1m[36mSQL (70.7ms)[0m  [1mSHOW TABLES[0m
  [1m[35mSQL (915.0ms)[0m  CREATE TABLE `schema_migrations` (`version` varchar(255) NOT NULL) ENGINE=InnoDB
  [1m[36mSQL (267.8ms)[0m  [1mSHOW KEYS FROM `schema_migrations`[0m
  [1m[35mSQL (1305.3ms)[0m  CREATE UNIQUE INDEX `unique_schema_migrations` ON `schema_migrations` (`version`)
  [1m[36mSQL (20.0ms)[0m  [1mSHOW TABLES[0m
  [1m[35mSQL (0.3ms)[0m  SHOW TABLES
  [1m[36mSQL (0.2ms)[0m  [1mSELECT `schema_migrations`.`version` FROM `schema_migrations`[0m
Migrating to CreateTokens (20110603094558)
  [1m[35mSQL (355.3ms)[0m  CREATE TABLE `tokens` (`id` int(11) DEFAULT NULL auto_increment PRIMARY KEY, `oauth_token` varchar(255), `status` int(11) DEFAULT 0, `app_type` varchar(255), `created_at` datetime, `updated_at` datetime) ENGINE=InnoDB
  [1m[36mSQL (50.8ms)[0m  [1mINSERT INTO `schema_migrations` (`version`) VALUES ('20110603094558')[0m
  [1m[35mSQL (0.5ms)[0m  SHOW TABLES
  [1m[36mSQL (0.3ms)[0m  [1mSELECT `schema_migrations`.`version` FROM `schema_migrations`[0m
  [1m[35mSQL (0.3ms)[0m  SHOW TABLES
  [1m[36mSQL (34.9ms)[0m  [1mdescribe `tokens`[0m
  [1m[35mSQL (0.4ms)[0m  SHOW KEYS FROM `tokens`
DEPRECATION WARNING: Use toplevel init.rb; rails/init.rb is deprecated: /Users/mohit/projects/urbanAdda/vendor/plugins/paperclip/rails/init.rb. (called from /Users/mohit/projects/urbanAdda/config/environment.rb:5)
DEPRECATION WARNING: Use toplevel init.rb; rails/init.rb is deprecated: /Users/mohit/projects/urbanAdda/vendor/plugins/paperclip/rails/init.rb. (called from /Users/mohit/projects/urbanAdda/config/environment.rb:5)
DEPRECATION WARNING: Use toplevel init.rb; rails/init.rb is deprecated: /Users/mohit/projects/urbanAdda/vendor/plugins/paperclip/rails/init.rb. (called from /Users/mohit/projects/urbanAdda/config/environment.rb:5)
DEPRECATION WARNING: Use toplevel init.rb; rails/init.rb is deprecated: /Users/mohit/projects/urbanAdda/vendor/plugins/paperclip/rails/init.rb. (called from /Users/mohit/projects/urbanAdda/config/environment.rb:5)
  [1m[36mSQL (0.3ms)[0m  [1mSHOW TABLES[0m
  [1m[35mSQL (228.8ms)[0m  CREATE TABLE `schema_migrations` (`version` varchar(255) NOT NULL) ENGINE=InnoDB
  [1m[36mSQL (0.4ms)[0m  [1mSHOW KEYS FROM `schema_migrations`[0m
  [1m[35mSQL (326.8ms)[0m  CREATE UNIQUE INDEX `unique_schema_migrations` ON `schema_migrations` (`version`)
  [1m[36mSQL (0.3ms)[0m  [1mSHOW TABLES[0m
  [1m[35mSQL (0.7ms)[0m  SHOW TABLES
  [1m[36mSQL (0.2ms)[0m  [1mSELECT `schema_migrations`.`version` FROM `schema_migrations`[0m
Migrating to CreateTokens (20110603094558)
  [1m[35mSQL (148.7ms)[0m  CREATE TABLE `tokens` (`id` int(11) DEFAULT NULL auto_increment PRIMARY KEY, `oauth_token` varchar(255), `status` int(11) DEFAULT 0, `app_type` varchar(255), `email` varchar(255) NOT NULL, `crypted_password` varchar(255) NOT NULL, `password_salt` varchar(255) NOT NULL, `persistence_token` varchar(255) NOT NULL, `single_access_token` varchar(255) NOT NULL, `perishable_token` varchar(255) NOT NULL, `login_count` int(11) DEFAULT 0 NOT NULL, `failed_login_count` int(11) DEFAULT 0 NOT NULL, `last_request_at` datetime, `current_login_at` datetime, `last_login_at` datetime, `current_login_ip` varchar(255), `last_login_ip` varchar(255), `created_at` datetime, `updated_at` datetime) ENGINE=InnoDB
  [1m[36mSQL (0.9ms)[0m  [1mINSERT INTO `schema_migrations` (`version`) VALUES ('20110603094558')[0m
Migrating to CreateUsers (20110603100020)
  [1m[35mSQL (259.8ms)[0m  CREATE TABLE `users` (`id` int(11) DEFAULT NULL auto_increment PRIMARY KEY, `first_name` varchar(255), `last_name` varchar(255), `created_at` datetime, `updated_at` datetime) ENGINE=InnoDB
  [1m[36mSQL (35.2ms)[0m  [1mINSERT INTO `schema_migrations` (`version`) VALUES ('20110603100020')[0m
  [1m[35mSQL (0.4ms)[0m  SHOW TABLES
  [1m[36mSQL (0.2ms)[0m  [1mSELECT `schema_migrations`.`version` FROM `schema_migrations`[0m
  [1m[35mSQL (0.4ms)[0m  SHOW TABLES
  [1m[36mSQL (4.9ms)[0m  [1mdescribe `tokens`[0m
  [1m[35mSQL (0.3ms)[0m  SHOW KEYS FROM `tokens`
  [1m[36mSQL (2.1ms)[0m  [1mdescribe `users`[0m
  [1m[35mSQL (0.3ms)[0m  SHOW KEYS FROM `users`


Started GET "/users/new" for 127.0.0.1 at Fri Jun 03 15:44:43 +0530 2011
  Processing by UsersController#new as HTML
Rendered users/_form.html.erb (72.1ms)
Rendered users/new.html.erb within layouts/application (75.1ms)
Completed   in 152ms

ActionView::Template::Error (undefined method `email' for #<User:0x103e4eb80>):
    13: 
    14:   <div class="field">
    15:     <%= f.label :email %><br />
    16:     <%= f.text_field :email %>
    17:   </div>
    18:   <div class="field">
    19:     <%= f.label :password %><br />
  app/views/users/_form.html.erb:16:in `_app_views_users__form_html_erb__1847554847_2180101160_881310'
  app/views/users/_form.html.erb:1:in `_app_views_users__form_html_erb__1847554847_2180101160_881310'
  app/views/users/new.html.erb:3:in `_app_views_users_new_html_erb__538122077_2180113740_0'
  app/controllers/users_controller.rb:29:in `new'

Rendered /Users/mohit/.rvm/gems/ruby-1.8.7-p334/gems/actionpack-3.0.7/lib/action_dispatch/middleware/templates/rescues/_trace.erb (1.2ms)
Rendered /Users/mohit/.rvm/gems/ruby-1.8.7-p334/gems/actionpack-3.0.7/lib/action_dispatch/middleware/templates/rescues/_request_and_response.erb (4.2ms)
Rendered /Users/mohit/.rvm/gems/ruby-1.8.7-p334/gems/actionpack-3.0.7/lib/action_dispatch/middleware/templates/rescues/template_error.erb within rescues/layout (11.8ms)
DEPRECATION WARNING: Use toplevel init.rb; rails/init.rb is deprecated: /Users/mohit/projects/urbanAdda/vendor/plugins/paperclip/rails/init.rb. (called from /Users/mohit/projects/urbanAdda/config/environment.rb:5)
  [1m[36mSQL (0.3ms)[0m  [1mSHOW TABLES[0m
  [1m[35mSQL (96.4ms)[0m  CREATE TABLE `schema_migrations` (`version` varchar(255) NOT NULL) ENGINE=InnoDB
  [1m[36mSQL (0.5ms)[0m  [1mSHOW KEYS FROM `schema_migrations`[0m
  [1m[35mSQL (246.3ms)[0m  CREATE UNIQUE INDEX `unique_schema_migrations` ON `schema_migrations` (`version`)
  [1m[36mSQL (0.3ms)[0m  [1mSHOW TABLES[0m
  [1m[35mSQL (0.2ms)[0m  SHOW TABLES
  [1m[36mSQL (0.2ms)[0m  [1mSELECT `schema_migrations`.`version` FROM `schema_migrations`[0m
Migrating to CreateTokens (20110603094558)
  [1m[35mSQL (132.9ms)[0m  CREATE TABLE `tokens` (`id` int(11) DEFAULT NULL auto_increment PRIMARY KEY, `oauth_token` varchar(255), `status` int(11) DEFAULT 0, `app_type` varchar(255), `created_at` datetime, `updated_at` datetime) ENGINE=InnoDB
  [1m[36mSQL (1.1ms)[0m  [1mINSERT INTO `schema_migrations` (`version`) VALUES ('20110603094558')[0m
Migrating to CreateUsers (20110603100020)
  [1m[35mSQL (182.7ms)[0m  CREATE TABLE `users` (`id` int(11) DEFAULT NULL auto_increment PRIMARY KEY, `first_name` varchar(255), `last_name` varchar(255), `email` varchar(255) NOT NULL, `crypted_password` varchar(255) NOT NULL, `password_salt` varchar(255) NOT NULL, `persistence_token` varchar(255) NOT NULL, `single_access_token` varchar(255) NOT NULL, `perishable_token` varchar(255) NOT NULL, `login_count` int(11) DEFAULT 0 NOT NULL, `failed_login_count` int(11) DEFAULT 0 NOT NULL, `last_request_at` datetime, `current_login_at` datetime, `last_login_at` datetime, `current_login_ip` varchar(255), `last_login_ip` varchar(255), `created_at` datetime, `updated_at` datetime) ENGINE=InnoDB
  [1m[36mSQL (1.1ms)[0m  [1mINSERT INTO `schema_migrations` (`version`) VALUES ('20110603100020')[0m
  [1m[35mSQL (0.5ms)[0m  SHOW TABLES
  [1m[36mSQL (0.2ms)[0m  [1mSELECT `schema_migrations`.`version` FROM `schema_migrations`[0m
  [1m[35mSQL (0.4ms)[0m  SHOW TABLES
  [1m[36mSQL (2.3ms)[0m  [1mdescribe `tokens`[0m
  [1m[35mSQL (0.5ms)[0m  SHOW KEYS FROM `tokens`
  [1m[36mSQL (4.0ms)[0m  [1mdescribe `users`[0m
  [1m[35mSQL (0.3ms)[0m  SHOW KEYS FROM `users`


Started GET "/users/new" for 127.0.0.1 at Fri Jun 03 15:45:24 +0530 2011
  Processing by UsersController#new as HTML
Rendered users/_form.html.erb (95.2ms)
Rendered users/new.html.erb within layouts/application (99.6ms)
Completed 200 OK in 207ms (Views: 106.9ms | ActiveRecord: 0.0ms)


Started POST "/users" for 127.0.0.1 at Fri Jun 03 15:45:27 +0530 2011
  Processing by UsersController#create as HTML
  Parameters: {"commit"=>"Create User", "authenticity_token"=>"gg2PKnbo0BqxjhKPZCHh72Azh9LEvNnESp1e9xuFFqQ=", "utf8"=>"✓", "user"=>{"password"=>"[FILTERED]", "email"=>""}}
  [1m[36mSQL (0.2ms)[0m  [1mBEGIN[0m
  [1m[35mSQL (98.0ms)[0m  SELECT 1 FROM `users` WHERE (LOWER(`users`.`email`) = LOWER('')) LIMIT 1
  [1m[36mSQL (12.6ms)[0m  [1mSELECT 1 FROM `users` WHERE (`users`.`persistence_token` = BINARY '4ac5dc4185b8259d7ed902838bbfa5569c2bbc9e70675ac5f4d956cf292a5a91a5f1052b7990a82dfbd18a303fe3d0d4755146ee406d84a638f33743416a5d1c') LIMIT 1[0m
  [1m[35mSQL (0.4ms)[0m  SELECT 1 FROM `users` WHERE (`users`.`single_access_token` = BINARY 'I192pAOuzgk-iyfhNCvY') LIMIT 1
  [1m[36mSQL (0.1ms)[0m  [1mROLLBACK[0m
Rendered users/_form.html.erb (9.4ms)
Rendered users/new.html.erb within layouts/application (13.7ms)
Completed 200 OK in 376ms (Views: 20.5ms | ActiveRecord: 111.2ms)


Started GET "/users/new" for 127.0.0.1 at Fri Jun 03 15:48:43 +0530 2011
  Processing by UsersController#new as HTML
Rendered users/_form.html.erb (127.9ms)
Rendered users/new.html.erb within layouts/application (132.1ms)
Completed 200 OK in 161ms (Views: 138.4ms | ActiveRecord: 0.0ms)


Started GET "/users" for 127.0.0.1 at Fri Jun 03 15:48:57 +0530 2011
  Processing by UsersController#index as HTML
  [1m[35mUser Load (0.3ms)[0m  SELECT `users`.* FROM `users`
Rendered users/index.html.erb within layouts/application (2.7ms)
Completed 200 OK in 128ms (Views: 37.1ms | ActiveRecord: 0.3ms)


Started GET "/users/new" for 127.0.0.1 at Fri Jun 03 15:48:59 +0530 2011
  Processing by UsersController#new as HTML
Rendered users/_form.html.erb (167.5ms)
Rendered users/new.html.erb within layouts/application (171.4ms)
Completed 200 OK in 197ms (Views: 177.4ms | ActiveRecord: 0.0ms)


Started POST "/users" for 127.0.0.1 at Fri Jun 03 15:49:01 +0530 2011
  Processing by UsersController#create as HTML
  Parameters: {"commit"=>"Create User", "authenticity_token"=>"gg2PKnbo0BqxjhKPZCHh72Azh9LEvNnESp1e9xuFFqQ=", "utf8"=>"✓", "user"=>{"password"=>"[FILTERED]", "email"=>""}}
  [1m[36mSQL (0.2ms)[0m  [1mBEGIN[0m
  [1m[35mSQL (0.4ms)[0m  SELECT 1 FROM `users` WHERE (LOWER(`users`.`email`) = LOWER('')) LIMIT 1
  [1m[36mSQL (0.4ms)[0m  [1mSELECT 1 FROM `users` WHERE (`users`.`persistence_token` = BINARY '7694bad5bad4e75b1af0c4acd05df59de6ee64c4a30f611e05a1923e06d8c582f2dac479430091061a7c58ac016700c0d4f20259a68f31a311963909f5178d7f') LIMIT 1[0m
  [1m[35mSQL (0.2ms)[0m  SELECT 1 FROM `users` WHERE (`users`.`single_access_token` = BINARY 'Ixnh6nbSyiKEtJ6CgPmN') LIMIT 1
  [1m[36mSQL (0.1ms)[0m  [1mROLLBACK[0m
Rendered users/_form.html.erb (8.7ms)
Rendered users/new.html.erb within layouts/application (12.6ms)
Completed 200 OK in 155ms (Views: 18.8ms | ActiveRecord: 1.3ms)


Started GET "/users/new" for 127.0.0.1 at Fri Jun 03 15:50:02 +0530 2011
  Processing by UsersController#new as HTML
Rendered users/_form.html.erb (192.5ms)
Rendered users/new.html.erb within layouts/application (210.6ms)
Completed 200 OK in 248ms (Views: 220.2ms | ActiveRecord: 0.0ms)


Started GET "/users/new" for 127.0.0.1 at Fri Jun 03 15:51:03 +0530 2011
  Processing by UsersController#new as HTML
Rendered users/_form.html.erb (158.2ms)
Rendered users/new.html.erb within layouts/application (162.4ms)
Completed 200 OK in 189ms (Views: 168.3ms | ActiveRecord: 0.0ms)


Started POST "/users" for 127.0.0.1 at Fri Jun 03 15:51:05 +0530 2011
  Processing by UsersController#create as HTML
  Parameters: {"commit"=>"Create User", "authenticity_token"=>"gg2PKnbo0BqxjhKPZCHh72Azh9LEvNnESp1e9xuFFqQ=", "utf8"=>"✓", "user"=>{"password_confirmation"=>"[FILTERED]", "password"=>"[FILTERED]", "email"=>""}}
  [1m[35mSQL (0.2ms)[0m  BEGIN
  [1m[36mSQL (0.5ms)[0m  [1mSELECT 1 FROM `users` WHERE (LOWER(`users`.`email`) = LOWER('')) LIMIT 1[0m
  [1m[35mSQL (0.6ms)[0m  SELECT 1 FROM `users` WHERE (`users`.`persistence_token` = BINARY 'da43408402edc75003e2d829f230453f4c51ff4a4ec2b1d5e78d5a3a24384fe4378bc4a60c0d44564fd75f591c01fd0dc7249cb6c52fb4feb05d036bfb2ef187') LIMIT 1
  [1m[36mSQL (0.3ms)[0m  [1mSELECT 1 FROM `users` WHERE (`users`.`single_access_token` = BINARY 'yXbS5Z9p7gzEPtpziY0n') LIMIT 1[0m
  [1m[35mSQL (0.1ms)[0m  ROLLBACK
Rendered users/_form.html.erb (104.1ms)
Rendered users/new.html.erb within layouts/application (108.3ms)
Completed 200 OK in 178ms (Views: 115.1ms | ActiveRecord: 1.7ms)


Started POST "/users" for 127.0.0.1 at Fri Jun 03 15:51:20 +0530 2011
  Processing by UsersController#create as HTML
  Parameters: {"commit"=>"Create User", "authenticity_token"=>"gg2PKnbo0BqxjhKPZCHh72Azh9LEvNnESp1e9xuFFqQ=", "utf8"=>"✓", "user"=>{"password_confirmation"=>"[FILTERED]", "password"=>"[FILTERED]", "email"=>""}}
  [1m[36mSQL (0.1ms)[0m  [1mBEGIN[0m
  [1m[35mSQL (0.3ms)[0m  SELECT 1 FROM `users` WHERE (LOWER(`users`.`email`) = LOWER('')) LIMIT 1
  [1m[36mSQL (0.3ms)[0m  [1mSELECT 1 FROM `users` WHERE (`users`.`persistence_token` = BINARY 'b353a43bd09c8f706e49f4236652640067ed0d9677e54da67b0873cbe8e8a26c23df888089159ac0875d3103778b883c79e95337341935d0abb5304e99d8a117') LIMIT 1[0m
  [1m[35mSQL (2.1ms)[0m  SELECT 1 FROM `users` WHERE (`users`.`single_access_token` = BINARY 'vFcOG8oxt19xv6xVAhLL') LIMIT 1
  [1m[36mSQL (0.1ms)[0m  [1mROLLBACK[0m
Rendered users/_form.html.erb (113.6ms)
Rendered users/new.html.erb within layouts/application (117.7ms)
Completed 200 OK in 183ms (Views: 123.9ms | ActiveRecord: 3.0ms)


Started GET "/users/new" for 127.0.0.1 at Fri Jun 03 15:51:24 +0530 2011
  Processing by UsersController#new as HTML
Rendered users/_form.html.erb (151.2ms)
Rendered users/new.html.erb within layouts/application (155.3ms)
Completed 200 OK in 183ms (Views: 161.3ms | ActiveRecord: 0.0ms)


Started GET "/users/new" for 127.0.0.1 at Fri Jun 03 15:51:25 +0530 2011
  Processing by UsersController#new as HTML
Rendered users/_form.html.erb (99.9ms)
Rendered users/new.html.erb within layouts/application (104.3ms)
Completed 200 OK in 201ms (Views: 110.4ms | ActiveRecord: 0.0ms)


Started POST "/users" for 127.0.0.1 at Fri Jun 03 15:51:26 +0530 2011
  Processing by UsersController#create as HTML
  Parameters: {"commit"=>"Create User", "authenticity_token"=>"gg2PKnbo0BqxjhKPZCHh72Azh9LEvNnESp1e9xuFFqQ=", "utf8"=>"✓", "user"=>{"password"=>"[FILTERED]", "email"=>""}}
  [1m[35mSQL (0.2ms)[0m  BEGIN
  [1m[36mSQL (0.5ms)[0m  [1mSELECT 1 FROM `users` WHERE (LOWER(`users`.`email`) = LOWER('')) LIMIT 1[0m
  [1m[35mSQL (0.3ms)[0m  SELECT 1 FROM `users` WHERE (`users`.`persistence_token` = BINARY 'e8d8ac791de156e9eb30fb48e279a4c2f5445e47d659165a57c46f828096b18db1082ae7c1adb3c89b1c410ae7fd8d3aed0cfa57805b3d14dab4f55152174543') LIMIT 1
  [1m[36mSQL (0.3ms)[0m  [1mSELECT 1 FROM `users` WHERE (`users`.`single_access_token` = BINARY 'ASL7tW1tGzSzVygD9Hee') LIMIT 1[0m
  [1m[35mSQL (0.1ms)[0m  ROLLBACK
Rendered users/_form.html.erb (12.6ms)
Rendered users/new.html.erb within layouts/application (16.8ms)
Completed 200 OK in 84ms (Views: 23.1ms | ActiveRecord: 1.3ms)


Started POST "/users" for 127.0.0.1 at Fri Jun 03 15:51:37 +0530 2011
  Processing by UsersController#create as HTML
  Parameters: {"commit"=>"Create User", "authenticity_token"=>"gg2PKnbo0BqxjhKPZCHh72Azh9LEvNnESp1e9xuFFqQ=", "utf8"=>"✓", "user"=>{"password"=>"[FILTERED]", "email"=>""}}
  [1m[36mSQL (0.1ms)[0m  [1mBEGIN[0m
  [1m[35mSQL (0.3ms)[0m  SELECT 1 FROM `users` WHERE (LOWER(`users`.`email`) = LOWER('')) LIMIT 1
  [1m[36mSQL (0.4ms)[0m  [1mSELECT 1 FROM `users` WHERE (`users`.`persistence_token` = BINARY '8dbe62ef3caf86bdc058b39270748a95ee4715eaa79ec91633468a5b311a1c0ec38fd842f8cafdd9a9ad78ae6125d252176431a7c148f7287cdee471d1d1b931') LIMIT 1[0m
  [1m[35mSQL (1.0ms)[0m  SELECT 1 FROM `users` WHERE (`users`.`single_access_token` = BINARY 'pbH1OgwLYNvXuV0gK9UX') LIMIT 1
  [1m[36mSQL (0.1ms)[0m  [1mROLLBACK[0m
Rendered users/_form.html.erb (37.6ms)
Rendered users/new.html.erb within layouts/application (42.0ms)
Completed 200 OK in 109ms (Views: 48.9ms | ActiveRecord: 2.1ms)


Started POST "/users" for 127.0.0.1 at Fri Jun 03 15:51:43 +0530 2011
  Processing by UsersController#create as HTML
  Parameters: {"commit"=>"Create User", "authenticity_token"=>"gg2PKnbo0BqxjhKPZCHh72Azh9LEvNnESp1e9xuFFqQ=", "utf8"=>"✓", "user"=>{"password"=>"[FILTERED]", "email"=>""}}
  [1m[35mSQL (0.2ms)[0m  BEGIN
  [1m[36mSQL (0.4ms)[0m  [1mSELECT 1 FROM `users` WHERE (LOWER(`users`.`email`) = LOWER('')) LIMIT 1[0m
  [1m[35mSQL (0.3ms)[0m  SELECT 1 FROM `users` WHERE (`users`.`persistence_token` = BINARY '85c7bcd5ce4b346ffa133fce8db73c9f09838366323d987edd766c028a801236b72c050f9a76f31447ba293e5584bbcf36d891fbfe86cbad3a31d81dfb0f6382') LIMIT 1
  [1m[36mSQL (0.4ms)[0m  [1mSELECT 1 FROM `users` WHERE (`users`.`single_access_token` = BINARY '48FvSbCp_XUVoqYHuLXm') LIMIT 1[0m
  [1m[35mSQL (0.2ms)[0m  ROLLBACK
Rendered users/_form.html.erb (10.3ms)
Rendered users/new.html.erb within layouts/application (14.3ms)
Completed 200 OK in 76ms (Views: 20.3ms | ActiveRecord: 1.6ms)


Started POST "/users" for 127.0.0.1 at Fri Jun 03 15:51:55 +0530 2011
  Processing by UsersController#create as HTML
  Parameters: {"commit"=>"Create User", "authenticity_token"=>"gg2PKnbo0BqxjhKPZCHh72Azh9LEvNnESp1e9xuFFqQ=", "utf8"=>"✓", "user"=>{"password_confirmation"=>"[FILTERED]", "password"=>"[FILTERED]", "email"=>"mohit@gmail.com"}}
  [1m[36mSQL (0.2ms)[0m  [1mBEGIN[0m
  [1m[35mSQL (0.4ms)[0m  SELECT 1 FROM `users` WHERE (LOWER(`users`.`email`) = LOWER('mohit@gmail.com')) LIMIT 1
  [1m[36mSQL (0.3ms)[0m  [1mSELECT 1 FROM `users` WHERE (`users`.`persistence_token` = BINARY '4a9d1b071ca2e78ef490e5c8a192d2c23500c9e0d32e0c7f9b27e90d86854e9c35f2f01cebd33734c1c49a1a9d0b6cf5c5b360ba1019abe95c9686ded4cf59b1') LIMIT 1[0m
  [1m[35mSQL (0.2ms)[0m  SELECT 1 FROM `users` WHERE (`users`.`single_access_token` = BINARY 'MrK5GePOjpQd1rNNGl3e') LIMIT 1
  [1m[36mSQL (22.0ms)[0m  [1mSHOW TABLES[0m
  [1m[35mSQL (3.5ms)[0m  describe `users`
  [1m[36mAREL (70.1ms)[0m  [1mINSERT INTO `users` (`last_login_at`, `login_count`, `current_login_at`, `persistence_token`, `password_salt`, `single_access_token`, `last_request_at`, `crypted_password`, `current_login_ip`, `email`, `created_at`, `last_login_ip`, `last_name`, `perishable_token`, `first_name`, `failed_login_count`, `updated_at`) VALUES (NULL, 1, '2011-06-03 10:21:55', '4a9d1b071ca2e78ef490e5c8a192d2c23500c9e0d32e0c7f9b27e90d86854e9c35f2f01cebd33734c1c49a1a9d0b6cf5c5b360ba1019abe95c9686ded4cf59b1', 'iw2v_NOkynQ_XnkBD4rL', 'MrK5GePOjpQd1rNNGl3e', '2011-06-03 10:21:55', '4359b43f568b34640b0caac224db1e6ff34e1b4041a58aa82cdc0814df8ff34265f4ac5caa2dd71721c312f5c14c93f5e9a6df3a39ecf503068ddfb22ee4316b', '127.0.0.1', 'mohit@gmail.com', '2011-06-03 10:21:55', NULL, NULL, '_QfKyd7_5Z51D_YzZQsV', NULL, 0, '2011-06-03 10:21:55')[0m
  [1m[35mSQL (24.9ms)[0m  COMMIT
Redirected to http://localhost:3000/users/1
Completed 302 Found in 399ms


Started GET "/users/1" for 127.0.0.1 at Fri Jun 03 15:51:56 +0530 2011
  Processing by UsersController#show as HTML
  Parameters: {"id"=>"1"}
  [1m[36mUser Load (0.6ms)[0m  [1mSELECT `users`.* FROM `users` WHERE `users`.`id` = 1 LIMIT 1[0m
Rendered users/show.html.erb within layouts/application (25.9ms)
Completed 200 OK in 283ms (Views: 166.4ms | ActiveRecord: 0.6ms)


Started GET "/users" for 127.0.0.1 at Fri Jun 03 15:53:48 +0530 2011
  Processing by UsersController#index as HTML
  [1m[35mUser Load (0.3ms)[0m  SELECT `users`.* FROM `users`
Rendered users/index.html.erb within layouts/application (178.6ms)
Completed 200 OK in 270ms (Views: 232.9ms | ActiveRecord: 0.3ms)
DEPRECATION WARNING: Use toplevel init.rb; rails/init.rb is deprecated: /Users/mohit/projects/urbanAdda/vendor/plugins/paperclip/rails/init.rb. (called from /Users/mohit/projects/urbanAdda/config/environment.rb:5)
DEPRECATION WARNING: Use toplevel init.rb; rails/init.rb is deprecated: /Users/mohit/projects/urbanAdda/vendor/plugins/paperclip/rails/init.rb. (called from /Users/mohit/projects/urbanAdda/config/environment.rb:5)
DEPRECATION WARNING: Use toplevel init.rb; rails/init.rb is deprecated: /Users/mohit/projects/urbanAdda/vendor/plugins/paperclip/rails/init.rb. (called from /Users/mohit/projects/urbanAdda/config/environment.rb:5)
DEPRECATION WARNING: Use toplevel init.rb; rails/init.rb is deprecated: /Users/mohit/projects/urbanAdda/vendor/plugins/paperclip/rails/init.rb. (called from /Users/mohit/projects/urbanAdda/config/environment.rb:5)


Started GET "/sessions/new" for 127.0.0.1 at Fri Jun 03 16:02:46 +0530 2011
  Processing by SessionsController#new as HTML
Rendered sessions/_form.html.erb (13.0ms)
Rendered sessions/new.html.erb within layouts/application (25.1ms)
Completed   in 232ms

ActionView::Template::Error (undefined method `user_sessions_path' for #<#<Class:0x103dcaf38>:0x103dacc68>):
    1: <%= form_for(@session) do |f| %>
    2:   <% if @session.errors.any? %>
    3:     <div id="error_explanation">
    4:       <h2><%= pluralize(@session.errors.count, "error") %> prohibited this session from being saved:</h2>
  app/views/sessions/_form.html.erb:1:in `_app_views_sessions__form_html_erb___451429669_2179744020_881310'
  app/views/sessions/new.html.erb:3:in `_app_views_sessions_new_html_erb__1220933213_2179768940_0'
  app/controllers/sessions_controller.rb:8:in `new'

Rendered /Users/mohit/.rvm/gems/ruby-1.8.7-p334/gems/actionpack-3.0.7/lib/action_dispatch/middleware/templates/rescues/_trace.erb (1.3ms)
Rendered /Users/mohit/.rvm/gems/ruby-1.8.7-p334/gems/actionpack-3.0.7/lib/action_dispatch/middleware/templates/rescues/_request_and_response.erb (5.5ms)
Rendered /Users/mohit/.rvm/gems/ruby-1.8.7-p334/gems/actionpack-3.0.7/lib/action_dispatch/middleware/templates/rescues/template_error.erb within rescues/layout (24.3ms)


Started GET "/users" for 127.0.0.1 at Fri Jun 03 16:03:11 +0530 2011
  Processing by UsersController#index as HTML
  [1m[36mUser Load (0.8ms)[0m  [1mSELECT `users`.* FROM `users`[0m
Rendered users/index.html.erb within layouts/application (80.2ms)
Completed 200 OK in 149ms (Views: 128.0ms | ActiveRecord: 0.8ms)
DEPRECATION WARNING: Use toplevel init.rb; rails/init.rb is deprecated: /Users/mohit/projects/urbanAdda/vendor/plugins/paperclip/rails/init.rb. (called from /Users/mohit/projects/urbanAdda/config/environment.rb:5)


Started GET "/user_sessions/new" for 127.0.0.1 at Fri Jun 03 16:05:15 +0530 2011
  Processing by UserSessionsController#new as HTML
Rendered user_sessions/_form.html.erb (3.7ms)
Rendered user_sessions/new.html.erb within layouts/application (7.6ms)
Completed 200 OK in 73ms (Views: 14.8ms | ActiveRecord: 0.0ms)


Started POST "/user_sessions" for 127.0.0.1 at Fri Jun 03 16:05:17 +0530 2011
  Processing by UserSessionsController#create as HTML
  Parameters: {"commit"=>"Create User session", "user_session"=>{"password"=>"[FILTERED]", "email"=>""}, "authenticity_token"=>"gg2PKnbo0BqxjhKPZCHh72Azh9LEvNnESp1e9xuFFqQ=", "utf8"=>"✓"}
Rendered user_sessions/_form.html.erb (5.1ms)
Rendered user_sessions/new.html.erb within layouts/application (9.6ms)
Completed 200 OK in 76ms (Views: 37.7ms | ActiveRecord: 0.0ms)


Started GET "/users/new" for 127.0.0.1 at Fri Jun 03 16:05:31 +0530 2011
  Processing by UsersController#new as HTML
Rendered users/_form.html.erb (145.9ms)
Rendered users/new.html.erb within layouts/application (150.3ms)
Completed 200 OK in 175ms (Views: 157.1ms | ActiveRecord: 0.0ms)


Started POST "/users" for 127.0.0.1 at Fri Jun 03 16:05:32 +0530 2011
  Processing by UsersController#create as HTML
  Parameters: {"commit"=>"Create User", "authenticity_token"=>"gg2PKnbo0BqxjhKPZCHh72Azh9LEvNnESp1e9xuFFqQ=", "utf8"=>"✓", "user"=>{"password_confirmation"=>"[FILTERED]", "password"=>"[FILTERED]", "email"=>""}}
  [1m[35mSQL (0.7ms)[0m  BEGIN
  [1m[36mSQL (20.8ms)[0m  [1mSELECT 1 FROM `users` WHERE (LOWER(`users`.`email`) = LOWER('')) LIMIT 1[0m
  [1m[35mSQL (0.9ms)[0m  SELECT 1 FROM `users` WHERE (`users`.`persistence_token` = BINARY '9712a2b354ada60400381a61a8d24784e4634771272257594901069fe9f6ce2e03fdf28d7690b7f68ccb9054bedfe01bd00a538a4d737c2c0017c9a720dd6d4d') LIMIT 1
  [1m[36mSQL (0.3ms)[0m  [1mSELECT 1 FROM `users` WHERE (`users`.`single_access_token` = BINARY '6ewzMK6Pw9JcqXS62D43') LIMIT 1[0m
  [1m[35mSQL (0.1ms)[0m  ROLLBACK
Rendered users/_form.html.erb (15.3ms)
Rendered users/new.html.erb within layouts/application (20.2ms)
Completed 200 OK in 173ms (Views: 26.0ms | ActiveRecord: 22.8ms)


Started GET "/users" for 127.0.0.1 at Fri Jun 03 16:05:39 +0530 2011
  Processing by UsersController#index as HTML
  [1m[36mUser Load (0.3ms)[0m  [1mSELECT `users`.* FROM `users`[0m
Rendered users/index.html.erb within layouts/application (116.1ms)
Completed 200 OK in 146ms (Views: 122.5ms | ActiveRecord: 0.3ms)


Started GET "/users/new" for 127.0.0.1 at Fri Jun 03 16:05:40 +0530 2011
  Processing by UsersController#new as HTML
Rendered users/_form.html.erb (90.4ms)
Rendered users/new.html.erb within layouts/application (96.0ms)
Completed 200 OK in 260ms (Views: 143.8ms | ActiveRecord: 0.0ms)


Started GET "/users/new" for 127.0.0.1 at Fri Jun 03 16:05:41 +0530 2011
  Processing by UsersController#new as HTML
Rendered users/_form.html.erb (156.7ms)
Rendered users/new.html.erb within layouts/application (161.2ms)
Completed 200 OK in 228ms (Views: 167.4ms | ActiveRecord: 0.0ms)


Started GET "/users/new" for 127.0.0.1 at Fri Jun 03 16:05:41 +0530 2011
  Processing by UsersController#new as HTML
Rendered users/_form.html.erb (157.5ms)
Rendered users/new.html.erb within layouts/application (161.8ms)
Completed 200 OK in 186ms (Views: 167.4ms | ActiveRecord: 0.0ms)


Started GET "/user_sessions/new" for 127.0.0.1 at Fri Jun 03 16:05:45 +0530 2011
  Processing by UserSessionsController#new as HTML
Rendered user_sessions/_form.html.erb (4.3ms)
Rendered user_sessions/new.html.erb within layouts/application (9.2ms)
Completed 200 OK in 44ms (Views: 18.3ms | ActiveRecord: 0.0ms)


Started POST "/user_sessions" for 127.0.0.1 at Fri Jun 03 16:07:37 +0530 2011
  Processing by UserSessionsController#create as HTML
  Parameters: {"commit"=>"Create User session", "user_session"=>{"password"=>"[FILTERED]", "email"=>"mohit@gmail.com"}, "authenticity_token"=>"gg2PKnbo0BqxjhKPZCHh72Azh9LEvNnESp1e9xuFFqQ=", "utf8"=>"✓"}
  [1m[35mUser Load (0.4ms)[0m  SELECT `users`.* FROM `users` WHERE (LOWER(`users`.email) = 'mohit@gmail.com') LIMIT 1
  [1m[36mSQL (0.2ms)[0m  [1mBEGIN[0m
  [1m[35mAREL (0.4ms)[0m  UPDATE `users` SET `updated_at` = '2011-06-03 10:37:37', `failed_login_count` = 1, `perishable_token` = 'lxjvZbmgjTn2yCXMypKv' WHERE `users`.`id` = 1
  [1m[36mSQL (55.4ms)[0m  [1mCOMMIT[0m
Rendered user_sessions/_form.html.erb (4.4ms)
Rendered user_sessions/new.html.erb within layouts/application (75.8ms)
Completed 200 OK in 590ms (Views: 82.4ms | ActiveRecord: 56.4ms)


Started POST "/user_sessions" for 127.0.0.1 at Fri Jun 03 16:07:42 +0530 2011
  Processing by UserSessionsController#create as HTML
  Parameters: {"commit"=>"Create User session", "user_session"=>{"password"=>"[FILTERED]", "email"=>"mohit@gmail.com"}, "authenticity_token"=>"gg2PKnbo0BqxjhKPZCHh72Azh9LEvNnESp1e9xuFFqQ=", "utf8"=>"✓"}
  [1m[35mUser Load (0.4ms)[0m  SELECT `users`.* FROM `users` WHERE (LOWER(`users`.email) = 'mohit@gmail.com') LIMIT 1
  [1m[36mSQL (0.3ms)[0m  [1mBEGIN[0m
  [1m[35mAREL (49.2ms)[0m  UPDATE `users` SET `last_login_at` = '2011-06-03 10:21:55', `last_login_ip` = '127.0.0.1', `last_request_at` = '2011-06-03 10:37:42', `failed_login_count` = 0, `updated_at` = '2011-06-03 10:37:42', `perishable_token` = 'wo5BAKEPQARlO7QNHG8C', `current_login_at` = '2011-06-03 10:37:42', `login_count` = 2 WHERE `users`.`id` = 1
  [1m[36mSQL (0.4ms)[0m  [1mCOMMIT[0m
Redirected to http://localhost:3000/user_sessions
Completed 302 Found in 234ms


Started GET "/user_sessions" for 127.0.0.1 at Fri Jun 03 16:07:42 +0530 2011
  Processing by UserSessionsController#index as HTML
Completed   in 4ms

NoMethodError (undefined method `all' for UserSession:Class):
  app/controllers/user_sessions_controller.rb:5:in `index'

Rendered /Users/mohit/.rvm/gems/ruby-1.8.7-p334/gems/actionpack-3.0.7/lib/action_dispatch/middleware/templates/rescues/_trace.erb (1.3ms)
Rendered /Users/mohit/.rvm/gems/ruby-1.8.7-p334/gems/actionpack-3.0.7/lib/action_dispatch/middleware/templates/rescues/_request_and_response.erb (5.5ms)
Rendered /Users/mohit/.rvm/gems/ruby-1.8.7-p334/gems/actionpack-3.0.7/lib/action_dispatch/middleware/templates/rescues/diagnostics.erb within rescues/layout (14.2ms)


Started GET "/UserSessions" for 127.0.0.1 at Fri Jun 03 16:22:52 +0530 2011

ActionController::RoutingError (No route matches "/UserSessions"):
  

Rendered /Users/mohit/.rvm/gems/ruby-1.8.7-p334/gems/actionpack-3.0.7/lib/action_dispatch/middleware/templates/rescues/routing_error.erb within rescues/layout (0.7ms)


Started GET "/UserSessions/new" for 127.0.0.1 at Fri Jun 03 16:22:58 +0530 2011

ActionController::RoutingError (No route matches "/UserSessions/new"):
  

Rendered /Users/mohit/.rvm/gems/ruby-1.8.7-p334/gems/actionpack-3.0.7/lib/action_dispatch/middleware/templates/rescues/routing_error.erb within rescues/layout (4.7ms)


Started GET "/user_sessions/new" for 127.0.0.1 at Fri Jun 03 16:23:07 +0530 2011
  Processing by UserSessionsController#new as HTML
Rendered user_sessions/_form.html.erb (3.8ms)
Rendered user_sessions/new.html.erb within layouts/application (110.4ms)
Completed 200 OK in 198ms (Views: 155.2ms | ActiveRecord: 0.0ms)


Started POST "/user_sessions" for 127.0.0.1 at Fri Jun 03 16:26:50 +0530 2011
  Processing by UserSessionsController#create as 
  Parameters: {"password"=>"[FILTERED]", "email"=>"mohit@gmail.com"}
Rendered user_sessions/_form.html.erb (4.1ms)
Rendered user_sessions/new.html.erb within layouts/application (8.0ms)
Completed 200 OK in 36ms (Views: 13.8ms | ActiveRecord: 0.0ms)


Started POST "/user_sessions" for 127.0.0.1 at Fri Jun 03 16:27:03 +0530 2011
  Processing by UserSessionsController#create as 
  Parameters: {"password"=>"[FILTERED]", "email"=>"mohit@gmail.com"}
Rendered user_sessions/_form.html.erb (4.5ms)
Rendered user_sessions/new.html.erb within layouts/application (12.4ms)
Completed 200 OK in 41ms (Views: 18.0ms | ActiveRecord: 0.0ms)


Started POST "/user_sessions" for 127.0.0.1 at Fri Jun 03 16:27:51 +0530 2011
  Processing by UserSessionsController#create as 
  Parameters: {"password"=>"[FILTERED]", "email"=>"mohit@gmail.com"}
Completed   in 24ms

ArgumentError (too few arguments):
  app/controllers/user_sessions_controller.rb:25:in `format'
  app/controllers/user_sessions_controller.rb:25:in `create'

Rendered /Users/mohit/.rvm/gems/ruby-1.8.7-p334/gems/actionpack-3.0.7/lib/action_dispatch/middleware/templates/rescues/_trace.erb (1.0ms)
Rendered /Users/mohit/.rvm/gems/ruby-1.8.7-p334/gems/actionpack-3.0.7/lib/action_dispatch/middleware/templates/rescues/_request_and_response.erb (4.6ms)
Rendered /Users/mohit/.rvm/gems/ruby-1.8.7-p334/gems/actionpack-3.0.7/lib/action_dispatch/middleware/templates/rescues/diagnostics.erb within rescues/layout (10.1ms)


Started POST "/user_sessions.xml" for 127.0.0.1 at Fri Jun 03 17:01:21 +0530 2011
  Processing by UserSessionsController#create as XML
  Parameters: {"password"=>"[FILTERED]", "email"=>"mohit@gmail.com"}
Completed 422 Unprocessable Entity in 279ms (Views: 224.8ms | ActiveRecord: 0.0ms)


Started POST "/user_sessions.xml" for 127.0.0.1 at Fri Jun 03 17:01:50 +0530 2011
  Processing by UserSessionsController#create as XML
  Parameters: {"password"=>"[FILTERED]", "email"=>"mohit@gmail.com"}
Completed 422 Unprocessable Entity in 30ms (Views: 4.2ms | ActiveRecord: 0.0ms)


Started GET "/user_sessions/new" for 127.0.0.1 at Fri Jun 03 17:03:16 +0530 2011
  Processing by UserSessionsController#new as HTML
Rendered user_sessions/_form.html.erb (5.4ms)
Rendered user_sessions/new.html.erb within layouts/application (10.3ms)
Completed 200 OK in 76ms (Views: 46.5ms | ActiveRecord: 0.0ms)


Started POST "/user_sessions" for 127.0.0.1 at Fri Jun 03 17:03:19 +0530 2011
  Processing by UserSessionsController#create as HTML
  Parameters: {"commit"=>"Create User session", "user_session"=>{"password"=>"[FILTERED]", "email"=>"mohit@gmail.com"}, "authenticity_token"=>"gg2PKnbo0BqxjhKPZCHh72Azh9LEvNnESp1e9xuFFqQ=", "utf8"=>"✓"}
Rendered user_sessions/_form.html.erb (4.4ms)
Rendered user_sessions/new.html.erb within layouts/application (8.3ms)
Completed 200 OK in 124ms (Views: 14.5ms | ActiveRecord: 0.0ms)


Started POST "/user_sessions" for 127.0.0.1 at Fri Jun 03 17:03:23 +0530 2011
  Processing by UserSessionsController#create as HTML
  Parameters: {"commit"=>"Create User session", "user_session"=>{"password"=>"[FILTERED]", "email"=>"mohit@gmail.com"}, "authenticity_token"=>"gg2PKnbo0BqxjhKPZCHh72Azh9LEvNnESp1e9xuFFqQ=", "utf8"=>"✓"}
  [1m[35mUser Load (0.4ms)[0m  SELECT `users`.* FROM `users` WHERE (LOWER(`users`.email) = 'mohit@gmail.com') LIMIT 1
  [1m[36mSQL (0.1ms)[0m  [1mBEGIN[0m
  [1m[35mAREL (29.5ms)[0m  UPDATE `users` SET `login_count` = 3, `last_login_at` = '2011-06-03 10:37:42', `perishable_token` = 'SHH28KHcJ5vYSAgbbJOh', `updated_at` = '2011-06-03 11:33:23', `current_login_at` = '2011-06-03 11:33:23', `last_request_at` = '2011-06-03 11:33:23' WHERE `users`.`id` = 1
  [1m[36mSQL (15.5ms)[0m  [1mCOMMIT[0m
Redirected to http://localhost:3000/user_sessions
Completed 302 Found in 183ms


Started GET "/user_sessions" for 127.0.0.1 at Fri Jun 03 17:03:23 +0530 2011
  Processing by UserSessionsController#index as HTML
Rendered user_sessions/index.html.erb within layouts/application (0.8ms)
Completed   in 8ms

ActionView::Template::Error (You have a nil object when you didn't expect it!
You might have expected an instance of Array.
The error occurred while evaluating nil.each):
    9:     <th></th>
    10:   </tr>
    11: 
    12: <% @user_sessions.each do |user_session| %>
    13:   <tr>
    14:     <td><%= user_session.email %></td>
    15:     <td><%= user_session.password %></td>
  app/views/user_sessions/index.html.erb:12:in `_app_views_user_sessions_index_html_erb__2095641335_2176078840_0'

Rendered /Users/mohit/.rvm/gems/ruby-1.8.7-p334/gems/actionpack-3.0.7/lib/action_dispatch/middleware/templates/rescues/_trace.erb (1.0ms)
Rendered /Users/mohit/.rvm/gems/ruby-1.8.7-p334/gems/actionpack-3.0.7/lib/action_dispatch/middleware/templates/rescues/_request_and_response.erb (6.9ms)
Rendered /Users/mohit/.rvm/gems/ruby-1.8.7-p334/gems/actionpack-3.0.7/lib/action_dispatch/middleware/templates/rescues/template_error.erb within rescues/layout (12.7ms)


Started POST "/user_sessions.xml" for 127.0.0.1 at Fri Jun 03 17:08:17 +0530 2011
  Processing by UserSessionsController#create as XML
  Parameters: {"password"=>"[FILTERED]", "email"=>"mohit@gmail.com"}
Completed 422 Unprocessable Entity in 26ms (Views: 4.3ms | ActiveRecord: 0.0ms)


Started POST "/user_sessions.xml" for 127.0.0.1 at Fri Jun 03 17:08:44 +0530 2011
  Processing by UserSessionsController#create as XML
  Parameters: {"password"=>"[FILTERED]", "email"=>"mohit@gmail.com"}
Completed 422 Unprocessable Entity in 28ms (Views: 4.5ms | ActiveRecord: 0.0ms)


Started POST "/user_sessions.xml" for 127.0.0.1 at Fri Jun 03 17:09:09 +0530 2011
  Processing by UserSessionsController#create as XML
  Parameters: {"user_session"=>{"password"=>"[FILTERED]", "email"=>"mohit@gmail.com"}}
  [1m[35mUser Load (0.4ms)[0m  SELECT `users`.* FROM `users` WHERE (LOWER(`users`.email) = 'mohit@gmail.com') LIMIT 1
  [1m[36mSQL (0.1ms)[0m  [1mBEGIN[0m
  [1m[35mAREL (0.4ms)[0m  UPDATE `users` SET `current_login_at` = '2011-06-03 11:39:09', `last_login_at` = '2011-06-03 11:33:23', `login_count` = 4, `updated_at` = '2011-06-03 11:39:09', `perishable_token` = 'MpHw6Z2K7Uzp8P59vsGX', `last_request_at` = '2011-06-03 11:39:09' WHERE `users`.`id` = 1
  [1m[36mSQL (0.4ms)[0m  [1mCOMMIT[0m
Completed 201 Created in 147ms (Views: 5.5ms | ActiveRecord: 1.3ms)


Started GET "/users" for 127.0.0.1 at Fri Jun 03 17:36:14 +0530 2011
  Processing by UsersController#index as HTML
  [1m[35mUser Load (0.6ms)[0m  SELECT `users`.* FROM `users`
Rendered users/index.html.erb within layouts/application (133.0ms)
Completed 200 OK in 182ms (Views: 140.0ms | ActiveRecord: 0.6ms)


Started POST "/users/1" for 127.0.0.1 at Fri Jun 03 17:36:18 +0530 2011
  Processing by UsersController#destroy as HTML
  Parameters: {"authenticity_token"=>"gg2PKnbo0BqxjhKPZCHh72Azh9LEvNnESp1e9xuFFqQ=", "id"=>"1"}
  [1m[36mUser Load (0.6ms)[0m  [1mSELECT `users`.* FROM `users` WHERE `users`.`id` = 1 LIMIT 1[0m
  [1m[35mSQL (0.1ms)[0m  BEGIN
  [1m[36mAREL (37.5ms)[0m  [1mDELETE FROM `users` WHERE `users`.`id` = 1[0m
  [1m[35mSQL (75.4ms)[0m  COMMIT
Redirected to http://localhost:3000/users
Completed 302 Found in 239ms


Started GET "/users" for 127.0.0.1 at Fri Jun 03 17:36:18 +0530 2011
  Processing by UsersController#index as HTML
  [1m[36mUser Load (0.3ms)[0m  [1mSELECT `users`.* FROM `users`[0m
Rendered users/index.html.erb within layouts/application (4.3ms)
Completed 200 OK in 34ms (Views: 10.7ms | ActiveRecord: 0.3ms)


Started GET "/users/new" for 127.0.0.1 at Fri Jun 03 17:36:19 +0530 2011
  Processing by UsersController#new as HTML
Rendered users/_form.html.erb (106.0ms)
Rendered users/new.html.erb within layouts/application (133.6ms)
Completed 200 OK in 266ms (Views: 167.6ms | ActiveRecord: 0.0ms)


Started GET "/users" for 127.0.0.1 at Fri Jun 03 17:36:23 +0530 2011
  Processing by UsersController#index as HTML
  [1m[35mUser Load (0.4ms)[0m  SELECT `users`.* FROM `users`
Rendered users/index.html.erb within layouts/application (2.9ms)
Completed 200 OK in 30ms (Views: 9.4ms | ActiveRecord: 0.4ms)


Started GET "/users" for 127.0.0.1 at Fri Jun 03 17:36:51 +0530 2011
  Processing by UsersController#index as HTML
  [1m[36mUser Load (0.8ms)[0m  [1mSELECT `users`.* FROM `users`[0m
Rendered users/index.html.erb within layouts/application (2.7ms)
Completed 200 OK in 33ms (Views: 8.5ms | ActiveRecord: 0.8ms)


Started GET "/users/new" for 127.0.0.1 at Fri Jun 03 17:36:52 +0530 2011
  Processing by UsersController#new as HTML
Rendered users/_form.html.erb (109.3ms)
Rendered users/new.html.erb within layouts/application (113.6ms)
Completed 200 OK in 142ms (Views: 119.6ms | ActiveRecord: 0.0ms)


Started POST "/users" for 127.0.0.1 at Fri Jun 03 17:37:08 +0530 2011
  Processing by UsersController#create as HTML
  Parameters: {"commit"=>"Create User", "authenticity_token"=>"gg2PKnbo0BqxjhKPZCHh72Azh9LEvNnESp1e9xuFFqQ=", "utf8"=>"✓", "user"=>{"password_confirmation"=>"[FILTERED]", "last_name"=>"Jain", "password"=>"[FILTERED]", "first_name"=>"Mohit", "email"=>"hitesh@gmail.com"}}
  [1m[35mSQL (0.2ms)[0m  BEGIN
  [1m[36mSQL (0.3ms)[0m  [1mSELECT 1 FROM `users` WHERE (LOWER(`users`.`email`) = LOWER('hitesh@gmail.com')) LIMIT 1[0m
  [1m[35mSQL (0.3ms)[0m  SELECT 1 FROM `users` WHERE (`users`.`persistence_token` = BINARY 'fb705ec90de1e774a4eea95e7be0b4dd055f397fd4751f82b466d7dd0aaf6ae1780290eb56616ccf940731da668eb9a455c5f99ff7c15a7eb8c78c3b25e9fe91') LIMIT 1
  [1m[36mSQL (0.3ms)[0m  [1mSELECT 1 FROM `users` WHERE (`users`.`single_access_token` = BINARY 'TZ4bBLLeLYk6OMFbHGMT') LIMIT 1[0m
  [1m[35mUser Load (0.4ms)[0m  SELECT `users`.* FROM `users` WHERE `users`.`id` = 1 LIMIT 1
  [1m[36mCACHE (0.0ms)[0m  [1mSELECT `users`.* FROM `users` WHERE `users`.`id` = 1 LIMIT 1[0m
  [1m[35mSQL (3.3ms)[0m  describe `users`
  [1m[36mAREL (19.8ms)[0m  [1mINSERT INTO `users` (`email`, `login_count`, `perishable_token`, `persistence_token`, `current_login_at`, `current_login_ip`, `single_access_token`, `last_login_ip`, `last_request_at`, `last_name`, `failed_login_count`, `first_name`, `password_salt`, `updated_at`, `crypted_password`, `created_at`, `last_login_at`) VALUES ('hitesh@gmail.com', 1, '6YLFU7cAP7GRC8aI7cMg', 'fb705ec90de1e774a4eea95e7be0b4dd055f397fd4751f82b466d7dd0aaf6ae1780290eb56616ccf940731da668eb9a455c5f99ff7c15a7eb8c78c3b25e9fe91', '2011-06-03 12:07:09', '127.0.0.1', 'TZ4bBLLeLYk6OMFbHGMT', NULL, '2011-06-03 12:07:09', 'Jain', 0, 'Mohit', 'MfOE-cszxi64nOLzXc8m', '2011-06-03 12:07:09', '60b8cf4dc11d2badd6250f57c59d6b7d52944097c061d4be3f4f5743377140dcfdb2c5c7e316049a57d00463f34f31330ed8b2966be3eedded9e3a0745edcf45', '2011-06-03 12:07:09', NULL)[0m
  [1m[35mSQL (0.6ms)[0m  COMMIT
Redirected to http://localhost:3000/users/2
Completed 302 Found in 521ms


Started GET "/users/2" for 127.0.0.1 at Fri Jun 03 17:37:09 +0530 2011
  Processing by UsersController#show as HTML
  Parameters: {"id"=>"2"}
  [1m[36mUser Load (0.4ms)[0m  [1mSELECT `users`.* FROM `users` WHERE `users`.`id` = 2 LIMIT 1[0m
Rendered users/show.html.erb within layouts/application (20.9ms)
Completed 200 OK in 203ms (Views: 66.1ms | ActiveRecord: 0.4ms)


Started GET "/users" for 127.0.0.1 at Fri Jun 03 17:37:11 +0530 2011
  Processing by UsersController#index as HTML
  [1m[35mUser Load (0.3ms)[0m  SELECT `users`.* FROM `users`
Rendered users/index.html.erb within layouts/application (107.3ms)
Completed 200 OK in 136ms (Views: 113.2ms | ActiveRecord: 0.3ms)


Started GET "/users/2/edit" for 127.0.0.1 at Fri Jun 03 17:37:14 +0530 2011
  Processing by UsersController#edit as HTML
  Parameters: {"id"=>"2"}
  [1m[36mUser Load (0.3ms)[0m  [1mSELECT `users`.* FROM `users` WHERE `users`.`id` = 2 LIMIT 1[0m
Rendered users/_form.html.erb (189.0ms)
Rendered users/edit.html.erb within layouts/application (194.4ms)
Completed 200 OK in 261ms (Views: 232.5ms | ActiveRecord: 0.3ms)


Started POST "/users/2" for 127.0.0.1 at Fri Jun 03 17:37:21 +0530 2011
  Processing by UsersController#update as HTML
  Parameters: {"commit"=>"Update User", "authenticity_token"=>"gg2PKnbo0BqxjhKPZCHh72Azh9LEvNnESp1e9xuFFqQ=", "utf8"=>"✓", "id"=>"2", "user"=>{"password_confirmation"=>"[FILTERED]", "last_name"=>"Bansal", "password"=>"[FILTERED]", "first_name"=>"hitesh", "email"=>"hitesh@gmail.com"}}
  [1m[35mUser Load (0.5ms)[0m  SELECT `users`.* FROM `users` WHERE `users`.`id` = 2 LIMIT 1
  [1m[36mSQL (0.1ms)[0m  [1mBEGIN[0m
  [1m[35mAREL (0.4ms)[0m  UPDATE `users` SET `first_name` = 'hitesh', `perishable_token` = 'ZcvhROna-Psv8yDfC4Dy', `updated_at` = '2011-06-03 12:07:22', `last_name` = 'Bansal' WHERE `users`.`id` = 2
  [1m[36mSQL (0.5ms)[0m  [1mCOMMIT[0m
Redirected to http://localhost:3000/users/2
Completed 302 Found in 170ms


Started GET "/users/2" for 127.0.0.1 at Fri Jun 03 17:37:22 +0530 2011
  Processing by UsersController#show as HTML
  Parameters: {"id"=>"2"}
  [1m[35mUser Load (0.3ms)[0m  SELECT `users`.* FROM `users` WHERE `users`.`id` = 2 LIMIT 1
Rendered users/show.html.erb within layouts/application (112.4ms)
Completed 200 OK in 143ms (Views: 119.0ms | ActiveRecord: 0.3ms)


Started GET "/users" for 127.0.0.1 at Fri Jun 03 17:37:23 +0530 2011
  Processing by UsersController#index as HTML
  [1m[36mUser Load (0.3ms)[0m  [1mSELECT `users`.* FROM `users`[0m
Rendered users/index.html.erb within layouts/application (118.8ms)
Completed 200 OK in 146ms (Views: 124.9ms | ActiveRecord: 0.3ms)


Started GET "/users/new" for 127.0.0.1 at Fri Jun 03 17:37:24 +0530 2011
  Processing by UsersController#new as HTML
Rendered users/_form.html.erb (136.3ms)
Rendered users/new.html.erb within layouts/application (141.2ms)
Completed 200 OK in 212ms (Views: 147.2ms | ActiveRecord: 0.0ms)


Started POST "/users" for 127.0.0.1 at Fri Jun 03 17:37:36 +0530 2011
  Processing by UsersController#create as HTML
  Parameters: {"commit"=>"Create User", "authenticity_token"=>"gg2PKnbo0BqxjhKPZCHh72Azh9LEvNnESp1e9xuFFqQ=", "utf8"=>"✓", "user"=>{"password_confirmation"=>"[FILTERED]", "last_name"=>"jain", "password"=>"[FILTERED]", "first_name"=>"mohit", "email"=>"mohit@gmail.com"}}
  [1m[35mSQL (0.2ms)[0m  BEGIN
  [1m[36mSQL (0.4ms)[0m  [1mSELECT 1 FROM `users` WHERE (LOWER(`users`.`email`) = LOWER('mohit@gmail.com')) LIMIT 1[0m
  [1m[35mSQL (0.3ms)[0m  SELECT 1 FROM `users` WHERE (`users`.`persistence_token` = BINARY '5e84b3878de7b400a5b78053daa2507027473e934ad1a5f7487b42d7a2fca3a60bd305a4dc0d47f963cdd184ed3ff95009fd6655bb176482d54901cc49b2fbca') LIMIT 1
  [1m[36mSQL (0.4ms)[0m  [1mSELECT 1 FROM `users` WHERE (`users`.`single_access_token` = BINARY '7YJnBVOOk-3WSV_si_Ti') LIMIT 1[0m
  [1m[35mUser Load (0.3ms)[0m  SELECT `users`.* FROM `users` WHERE `users`.`persistence_token` = 'fb705ec90de1e774a4eea95e7be0b4dd055f397fd4751f82b466d7dd0aaf6ae1780290eb56616ccf940731da668eb9a455c5f99ff7c15a7eb8c78c3b25e9fe91' LIMIT 1
  [1m[36mCACHE (0.0ms)[0m  [1mSELECT `users`.* FROM `users` WHERE `users`.`persistence_token` = 'fb705ec90de1e774a4eea95e7be0b4dd055f397fd4751f82b466d7dd0aaf6ae1780290eb56616ccf940731da668eb9a455c5f99ff7c15a7eb8c78c3b25e9fe91' LIMIT 1[0m
  [1m[35mAREL (22.4ms)[0m  UPDATE `users` SET `perishable_token` = '5FDwG_kp00xek9ilYkWZ', `last_request_at` = '2011-06-03 12:07:36', `updated_at` = '2011-06-03 12:07:36' WHERE `users`.`id` = 2
  [1m[36mSQL (3.8ms)[0m  [1mdescribe `users`[0m
  [1m[35mAREL (19.0ms)[0m  INSERT INTO `users` (`first_name`, `email`, `login_count`, `last_login_at`, `created_at`, `persistence_token`, `current_login_ip`, `last_login_ip`, `last_name`, `perishable_token`, `last_request_at`, `failed_login_count`, `password_salt`, `updated_at`, `crypted_password`, `single_access_token`, `current_login_at`) VALUES ('mohit', 'mohit@gmail.com', 0, NULL, '2011-06-03 12:07:36', '5e84b3878de7b400a5b78053daa2507027473e934ad1a5f7487b42d7a2fca3a60bd305a4dc0d47f963cdd184ed3ff95009fd6655bb176482d54901cc49b2fbca', NULL, NULL, 'jain', 'eZbcoQqT0voUvP5V5Fw9', NULL, 0, 'BZSpwqbdflvBOz1nBZCE', '2011-06-03 12:07:36', '44ad00a03f39160addfb160a97380679861f851c48a550c1533ea306b818c2c8028e130a47cc809501fdc2c1ecbcaf9f33786762109e3b8a27092fcd40e2805f', '7YJnBVOOk-3WSV_si_Ti', NULL)
  [1m[36mSQL (17.4ms)[0m  [1mCOMMIT[0m
Redirected to http://localhost:3000/users/3
Completed 302 Found in 127ms


Started GET "/users/3" for 127.0.0.1 at Fri Jun 03 17:37:36 +0530 2011
  Processing by UsersController#show as HTML
  Parameters: {"id"=>"3"}
  [1m[35mUser Load (0.4ms)[0m  SELECT `users`.* FROM `users` WHERE `users`.`id` = 3 LIMIT 1
Rendered users/show.html.erb within layouts/application (130.7ms)
Completed 200 OK in 163ms (Views: 137.2ms | ActiveRecord: 25.6ms)


Started GET "/users" for 127.0.0.1 at Fri Jun 03 17:37:38 +0530 2011
  Processing by UsersController#index as HTML
  [1m[36mUser Load (0.5ms)[0m  [1mSELECT `users`.* FROM `users`[0m
Rendered users/index.html.erb within layouts/application (112.0ms)
Completed 200 OK in 139ms (Views: 117.8ms | ActiveRecord: 0.5ms)


Started GET "/users/new" for 127.0.0.1 at Fri Jun 03 17:37:39 +0530 2011
  Processing by UsersController#new as HTML
Rendered users/_form.html.erb (221.7ms)
Rendered users/new.html.erb within layouts/application (226.1ms)
Completed 200 OK in 254ms (Views: 232.0ms | ActiveRecord: 0.0ms)


Started POST "/users" for 127.0.0.1 at Fri Jun 03 17:37:51 +0530 2011
  Processing by UsersController#create as HTML
  Parameters: {"commit"=>"Create User", "authenticity_token"=>"gg2PKnbo0BqxjhKPZCHh72Azh9LEvNnESp1e9xuFFqQ=", "utf8"=>"✓", "user"=>{"password_confirmation"=>"[FILTERED]", "last_name"=>"Jain", "password"=>"[FILTERED]", "first_name"=>"Sakshi", "email"=>"sakshi@gmail.com"}}
  [1m[35mSQL (0.1ms)[0m  BEGIN
  [1m[36mSQL (0.4ms)[0m  [1mSELECT 1 FROM `users` WHERE (LOWER(`users`.`email`) = LOWER('sakshi@gmail.com')) LIMIT 1[0m
  [1m[35mSQL (0.4ms)[0m  SELECT 1 FROM `users` WHERE (`users`.`persistence_token` = BINARY '0264b0b8228d1b27d109c5a59792e1eba5fe7eb2fb81ab12d1bfc9988bb65d3f12eca7d3310e3f2015ecfdf0d3e4498255e766b19ea2608a03aa847c9d9fe891') LIMIT 1
  [1m[36mSQL (0.3ms)[0m  [1mSELECT 1 FROM `users` WHERE (`users`.`single_access_token` = BINARY 'QVPmMpl_vBuZI2bBk9C2') LIMIT 1[0m
  [1m[35mUser Load (0.4ms)[0m  SELECT `users`.* FROM `users` WHERE `users`.`persistence_token` = 'fb705ec90de1e774a4eea95e7be0b4dd055f397fd4751f82b466d7dd0aaf6ae1780290eb56616ccf940731da668eb9a455c5f99ff7c15a7eb8c78c3b25e9fe91' LIMIT 1
  [1m[36mUser Load (0.3ms)[0m  [1mSELECT `users`.* FROM `users` WHERE `users`.`id` = 2 LIMIT 1[0m
  [1m[35mAREL (0.3ms)[0m  UPDATE `users` SET `last_request_at` = '2011-06-03 12:07:51', `perishable_token` = '5Q_0COqU4IPeYPFXwy0u', `updated_at` = '2011-06-03 12:07:51' WHERE `users`.`id` = 2
  [1m[36mSQL (3.3ms)[0m  [1mdescribe `users`[0m
  [1m[35mAREL (18.8ms)[0m  INSERT INTO `users` (`last_name`, `current_login_at`, `login_count`, `last_request_at`, `last_login_at`, `single_access_token`, `first_name`, `email`, `last_login_ip`, `perishable_token`, `updated_at`, `password_salt`, `failed_login_count`, `current_login_ip`, `created_at`, `persistence_token`, `crypted_password`) VALUES ('Jain', NULL, 0, NULL, NULL, 'QVPmMpl_vBuZI2bBk9C2', 'Sakshi', 'sakshi@gmail.com', NULL, 'JqVuZybm9eX1jqWwDX02', '2011-06-03 12:07:51', 'pxeyZ4Tw5L0g5Ojp-rRN', 0, NULL, '2011-06-03 12:07:51', '0264b0b8228d1b27d109c5a59792e1eba5fe7eb2fb81ab12d1bfc9988bb65d3f12eca7d3310e3f2015ecfdf0d3e4498255e766b19ea2608a03aa847c9d9fe891', '2282dc1112f0e738cdf459d88e185b6ecf45646d2f0a79f5ac2ba2e7ed92956c82b95d29721a54fc384cdf72f0d6b495fbbfbfb9959b5a6e6560979d8ad1b1f6')
  [1m[36mSQL (0.6ms)[0m  [1mCOMMIT[0m
Redirected to http://localhost:3000/users/4
Completed 302 Found in 224ms


Started GET "/users/4" for 127.0.0.1 at Fri Jun 03 17:37:51 +0530 2011
  Processing by UsersController#show as HTML
  Parameters: {"id"=>"4"}
  [1m[35mUser Load (0.3ms)[0m  SELECT `users`.* FROM `users` WHERE `users`.`id` = 4 LIMIT 1
Rendered users/show.html.erb within layouts/application (131.6ms)
Completed 200 OK in 254ms (Views: 138.2ms | ActiveRecord: 0.3ms)


Started GET "/users" for 127.0.0.1 at Fri Jun 03 17:37:53 +0530 2011
  Processing by UsersController#index as HTML
  [1m[36mUser Load (0.3ms)[0m  [1mSELECT `users`.* FROM `users`[0m
Rendered users/index.html.erb within layouts/application (126.9ms)
Completed 200 OK in 153ms (Views: 132.9ms | ActiveRecord: 0.3ms)


Started GET "/users.xml" for 127.0.0.1 at Fri Jun 03 17:38:03 +0530 2011
  Processing by UsersController#index as XML
  [1m[35mUser Load (0.4ms)[0m  SELECT `users`.* FROM `users`
Completed 200 OK in 171ms (Views: 26.0ms | ActiveRecord: 0.4ms)


Started GET "/users.xml" for 127.0.0.1 at Fri Jun 03 17:38:14 +0530 2011
  Processing by UsersController#index as XML
  [1m[36mUser Load (0.4ms)[0m  [1mSELECT `users`.* FROM `users`[0m
Completed 200 OK in 192ms (Views: 171.0ms | ActiveRecord: 0.4ms)


Started GET "/users.json" for 127.0.0.1 at Fri Jun 03 17:38:44 +0530 2011
  Processing by UsersController#index as JSON
  [1m[35mUser Load (0.7ms)[0m  SELECT `users`.* FROM `users`
Completed 406 Not Acceptable in 29ms


Started GET "/users.json" for 127.0.0.1 at Fri Jun 03 17:40:12 +0530 2011
  Processing by UsersController#index as JSON
  [1m[36mUser Load (0.4ms)[0m  [1mSELECT `users`.* FROM `users`[0m
Completed 200 OK in 37ms (Views: 4.0ms | ActiveRecord: 0.4ms)


Started GET "/" for 127.0.0.1 at Fri Jun 03 17:43:44 +0530 2011

ActionController::RoutingError (No route matches "/"):
  

Rendered /Users/mohit/.rvm/gems/ruby-1.8.7-p334/gems/actionpack-3.0.7/lib/action_dispatch/middleware/templates/rescues/routing_error.erb within rescues/layout (0.8ms)
DEPRECATION WARNING: Use toplevel init.rb; rails/init.rb is deprecated: /Users/mohit/projects/urbanAdda/vendor/plugins/paperclip/rails/init.rb. (called from /Users/mohit/projects/urbanAdda/config/environment.rb:5)
DEPRECATION WARNING: Use toplevel init.rb; rails/init.rb is deprecated: /Users/mohit/projects/urbanAdda/vendor/plugins/paperclip/rails/init.rb. (called from /Users/mohit/projects/urbanAdda/config/environment.rb:5)
DEPRECATION WARNING: Use toplevel init.rb; rails/init.rb is deprecated: /Users/mohit/projects/urbanAdda/vendor/plugins/paperclip/rails/init.rb. (called from /Users/mohit/projects/urbanAdda/config/environment.rb:5)
DEPRECATION WARNING: Use toplevel init.rb; rails/init.rb is deprecated: /Users/mohit/projects/urbanAdda/vendor/plugins/paperclip/rails/init.rb. (called from /Users/mohit/projects/urbanAdda/config/environment.rb:5)
  [1m[36mSQL (0.3ms)[0m  [1mSHOW TABLES[0m
  [1m[35mSQL (90.5ms)[0m  CREATE TABLE `tokens` (`id` int(11) DEFAULT NULL auto_increment PRIMARY KEY, `oauth_token` varchar(255), `status` int(11) DEFAULT 0, `app_type` varchar(255), `created_at` datetime, `updated_at` datetime) ENGINE=InnoDB
  [1m[36mSQL (0.9ms)[0m  [1mSHOW TABLES[0m
  [1m[35mSQL (398.4ms)[0m  CREATE TABLE `users` (`id` int(11) DEFAULT NULL auto_increment PRIMARY KEY, `first_name` varchar(255), `last_name` varchar(255), `email` varchar(255) NOT NULL, `crypted_password` varchar(255) NOT NULL, `password_salt` varchar(255) NOT NULL, `persistence_token` varchar(255) NOT NULL, `single_access_token` varchar(255) NOT NULL, `perishable_token` varchar(255) NOT NULL, `login_count` int(11) DEFAULT 0 NOT NULL, `failed_login_count` int(11) DEFAULT 0 NOT NULL, `last_request_at` datetime, `current_login_at` datetime, `last_login_at` datetime, `current_login_ip` varchar(255), `last_login_ip` varchar(255), `created_at` datetime, `updated_at` datetime) ENGINE=InnoDB
  [1m[36mSQL (0.4ms)[0m  [1mSHOW TABLES[0m
  [1m[35mSQL (178.4ms)[0m  CREATE TABLE `schema_migrations` (`version` varchar(255) NOT NULL) ENGINE=InnoDB
  [1m[36mSQL (0.5ms)[0m  [1mSHOW KEYS FROM `schema_migrations`[0m
  [1m[35mSQL (220.6ms)[0m  CREATE UNIQUE INDEX `unique_schema_migrations` ON `schema_migrations` (`version`)
  [1m[36mSQL (0.4ms)[0m  [1mSHOW TABLES[0m
  [1m[35mSQL (0.2ms)[0m  SELECT version FROM `schema_migrations`
  [1m[36mSQL (17.7ms)[0m  [1mINSERT INTO `schema_migrations` (version) VALUES ('20110603100020')[0m
  [1m[35mSQL (1.2ms)[0m  INSERT INTO `schema_migrations` (version) VALUES ('20110603094558')
  [1m[36mSQL (0.4ms)[0m  [1mSHOW TABLES[0m
  [1m[35mSQL (0.3ms)[0m  SHOW TABLES
  [1m[36mSQL (0.2ms)[0m  [1mSELECT `schema_migrations`.`version` FROM `schema_migrations`[0m
DEPRECATION WARNING: Use toplevel init.rb; rails/init.rb is deprecated: /Users/mohit/projects/urbanAdda/vendor/plugins/paperclip/rails/init.rb. (called from /Users/mohit/projects/urbanAdda/config/environment.rb:5)
  [1m[36mSQL (0.4ms)[0m  [1mSHOW TABLES[0m
  [1m[35mSQL (0.3ms)[0m  SHOW TABLES
  [1m[36mSQL (0.2ms)[0m  [1mSELECT `schema_migrations`.`version` FROM `schema_migrations`[0m
Migrating to CreateTokens (20110603094558)
Migrating to CreateUsers (20110603100020)
Migrating to CreateBadges (20110603121935)
  [1m[35mSQL (143.5ms)[0m  CREATE TABLE `badges` (`id` int(11) DEFAULT NULL auto_increment PRIMARY KEY, `name` varchar(255), `notes` text, `partner` varchar(255), `point` int(11), `status` int(11), `created_at` datetime, `updated_at` datetime) ENGINE=InnoDB
  [1m[36mSQL (1.1ms)[0m  [1mINSERT INTO `schema_migrations` (`version`) VALUES ('20110603121935')[0m
Migrating to CreateBadgesUsers (20110603122424)
  [1m[35mSQL (148.0ms)[0m  CREATE TABLE `badges_users` (`id` int(11) DEFAULT NULL auto_increment PRIMARY KEY, `user_id` int(11), `badge_id` int(11), `venue_id` int(11), `app_type` varchar(255), `created_at` datetime, `updated_at` datetime) ENGINE=InnoDB
  [1m[36mSQL (1.0ms)[0m  [1mINSERT INTO `schema_migrations` (`version`) VALUES ('20110603122424')[0m
Migrating to CreateFriends (20110603123946)
  [1m[35mSQL (150.2ms)[0m  CREATE TABLE `friends` (`id` int(11) DEFAULT NULL auto_increment PRIMARY KEY, `inviter_id` int(11), `status` int(11), `invitee_id` int(11), `app_type` varchar(255), `created_at` datetime, `updated_at` datetime) ENGINE=InnoDB
  [1m[36mSQL (23.3ms)[0m  [1mINSERT INTO `schema_migrations` (`version`) VALUES ('20110603123946')[0m
  [1m[35mSQL (0.5ms)[0m  SHOW TABLES
  [1m[36mSQL (0.2ms)[0m  [1mSELECT `schema_migrations`.`version` FROM `schema_migrations`[0m
  [1m[35mSQL (0.4ms)[0m  SHOW TABLES
  [1m[36mSQL (2.7ms)[0m  [1mdescribe `badges`[0m
  [1m[35mSQL (0.4ms)[0m  SHOW KEYS FROM `badges`
  [1m[36mSQL (2.5ms)[0m  [1mdescribe `badges_users`[0m
  [1m[35mSQL (0.3ms)[0m  SHOW KEYS FROM `badges_users`
  [1m[36mSQL (2.7ms)[0m  [1mdescribe `friends`[0m
  [1m[35mSQL (0.3ms)[0m  SHOW KEYS FROM `friends`
  [1m[36mSQL (2.2ms)[0m  [1mdescribe `tokens`[0m
  [1m[35mSQL (0.4ms)[0m  SHOW KEYS FROM `tokens`
  [1m[36mSQL (3.6ms)[0m  [1mdescribe `users`[0m
  [1m[35mSQL (0.3ms)[0m  SHOW KEYS FROM `users`
DEPRECATION WARNING: Use toplevel init.rb; rails/init.rb is deprecated: /Users/mohit/projects/urbanAdda/vendor/plugins/paperclip/rails/init.rb. (called from /Users/mohit/projects/urbanAdda/config/environment.rb:5)
DEPRECATION WARNING: Use toplevel init.rb; rails/init.rb is deprecated: /Users/mohit/projects/urbanAdda/vendor/plugins/paperclip/rails/init.rb. (called from /Users/mohit/projects/urbanAdda/config/environment.rb:5)
DEPRECATION WARNING: Use toplevel init.rb; rails/init.rb is deprecated: /Users/mohit/projects/urbanAdda/vendor/plugins/paperclip/rails/init.rb. (called from /Users/mohit/projects/urbanAdda/config/environment.rb:5)
DEPRECATION WARNING: Use toplevel init.rb; rails/init.rb is deprecated: /Users/mohit/projects/urbanAdda/vendor/plugins/paperclip/rails/init.rb. (called from /Users/mohit/projects/urbanAdda/config/environment.rb:5)
DEPRECATION WARNING: Use toplevel init.rb; rails/init.rb is deprecated: /Users/mohit/projects/urbanAdda/vendor/plugins/paperclip/rails/init.rb. (called from /Users/mohit/projects/urbanAdda/config/environment.rb:5)


Started GET "/" for 127.0.0.1 at Fri Jun 03 18:23:09 +0530 2011

ActionController::RoutingError (No route matches "/"):
  

Rendered /Users/mohit/.rvm/gems/ruby-1.8.7-p334/gems/actionpack-3.0.7/lib/action_dispatch/middleware/templates/rescues/routing_error.erb within rescues/layout (0.8ms)
DEPRECATION WARNING: Use toplevel init.rb; rails/init.rb is deprecated: /Users/mohit/projects/urbanAdda/vendor/plugins/paperclip/rails/init.rb. (called from /Users/mohit/projects/urbanAdda/config/environment.rb:5)
  [1m[36mSQL (0.5ms)[0m  [1mSHOW TABLES[0m
  [1m[35mSQL (0.3ms)[0m  SHOW TABLES
  [1m[36mSQL (0.2ms)[0m  [1mSELECT `schema_migrations`.`version` FROM `schema_migrations`[0m
Migrating to CreateTokens (20110603094558)
Migrating to CreateUsers (20110603100020)
Migrating to CreateBadges (20110603121935)
Migrating to CreateBadgesUsers (20110603122424)
Migrating to CreateFriends (20110603123946)
Migrating to CreateVenues (20110603124645)
DEPRECATION WARNING: Use toplevel init.rb; rails/init.rb is deprecated: /Users/mohit/projects/urbanAdda/vendor/plugins/paperclip/rails/init.rb. (called from /Users/mohit/projects/urbanAdda/config/environment.rb:5)
  [1m[36mSQL (0.5ms)[0m  [1mSHOW TABLES[0m
  [1m[35mSQL (0.4ms)[0m  SHOW TABLES
  [1m[36mSQL (0.4ms)[0m  [1mSELECT `schema_migrations`.`version` FROM `schema_migrations`[0m
Migrating to CreateTokens (20110603094558)
Migrating to CreateUsers (20110603100020)
Migrating to CreateBadges (20110603121935)
Migrating to CreateBadgesUsers (20110603122424)
Migrating to CreateFriends (20110603123946)
Migrating to CreateVenues (20110603124645)
  [1m[35mSQL (858.8ms)[0m  CREATE TABLE `venues` (`id` int(11) DEFAULT NULL auto_increment PRIMARY KEY, `name` text, `latitude` varchar(255), `longtitude` varchar(255), `street` text, `city` text, `state` text, `postal_code` int(11), `category_id` int(11), `user_id` int(11), `country` varchar(255), `source_id` varchar(255), `source` varchar(255), `app_type` varchar(255), `created_at` datetime, `updated_at` datetime) ENGINE=InnoDB
  [1m[36mSQL (25.1ms)[0m  [1mINSERT INTO `schema_migrations` (`version`) VALUES ('20110603124645')[0m
Migrating to CreateTipsVenues (20110603124828)
  [1m[35mSQL (135.3ms)[0m  CREATE TABLE `tips_venues` (`id` int(11) DEFAULT NULL auto_increment PRIMARY KEY, `venue_id` int(11), `user_id` int(11), `description` text, `app_type` varchar(255), `created_at` datetime, `updated_at` datetime) ENGINE=InnoDB
  [1m[36mSQL (1.1ms)[0m  [1mINSERT INTO `schema_migrations` (`version`) VALUES ('20110603124828')[0m
Migrating to CreateTagsVenues (20110603125016)
  [1m[35mSQL (169.0ms)[0m  CREATE TABLE `tags_venues` (`id` int(11) DEFAULT NULL auto_increment PRIMARY KEY, `venue_id` int(11), `value` varchar(255), `user_id` int(11), `app_type` varchar(255), `created_at` datetime, `updated_at` datetime) ENGINE=InnoDB
  [1m[36mSQL (1.2ms)[0m  [1mINSERT INTO `schema_migrations` (`version`) VALUES ('20110603125016')[0m
  [1m[35mSQL (0.7ms)[0m  SHOW TABLES
  [1m[36mSQL (0.2ms)[0m  [1mSELECT `schema_migrations`.`version` FROM `schema_migrations`[0m
  [1m[35mSQL (0.4ms)[0m  SHOW TABLES
  [1m[36mSQL (3.0ms)[0m  [1mdescribe `badges`[0m
  [1m[35mSQL (1.1ms)[0m  SHOW KEYS FROM `badges`
  [1m[36mSQL (29.0ms)[0m  [1mdescribe `badges_users`[0m
  [1m[35mSQL (0.4ms)[0m  SHOW KEYS FROM `badges_users`
  [1m[36mSQL (2.5ms)[0m  [1mdescribe `friends`[0m
  [1m[35mSQL (0.4ms)[0m  SHOW KEYS FROM `friends`
  [1m[36mSQL (2.2ms)[0m  [1mdescribe `tags_venues`[0m
  [1m[35mSQL (0.3ms)[0m  SHOW KEYS FROM `tags_venues`
  [1m[36mSQL (3.2ms)[0m  [1mdescribe `tips_venues`[0m
  [1m[35mSQL (0.3ms)[0m  SHOW KEYS FROM `tips_venues`
  [1m[36mSQL (1.8ms)[0m  [1mdescribe `tokens`[0m
  [1m[35mSQL (0.3ms)[0m  SHOW KEYS FROM `tokens`
  [1m[36mSQL (3.3ms)[0m  [1mdescribe `users`[0m
  [1m[35mSQL (0.3ms)[0m  SHOW KEYS FROM `users`
  [1m[36mSQL (4.0ms)[0m  [1mdescribe `venues`[0m
  [1m[35mSQL (0.3ms)[0m  SHOW KEYS FROM `venues`
DEPRECATION WARNING: Use toplevel init.rb; rails/init.rb is deprecated: /Users/mohit/projects/urbanAdda/vendor/plugins/paperclip/rails/init.rb. (called from /Users/mohit/projects/urbanAdda/config/environment.rb:5)
DEPRECATION WARNING: Use toplevel init.rb; rails/init.rb is deprecated: /Users/mohit/projects/urbanAdda/vendor/plugins/paperclip/rails/init.rb. (called from /Users/mohit/projects/urbanAdda/config/environment.rb:5)
  [1m[36mSQL (0.6ms)[0m  [1mSHOW TABLES[0m
  [1m[35mSQL (0.4ms)[0m  SHOW TABLES
  [1m[36mSQL (0.2ms)[0m  [1mSELECT `schema_migrations`.`version` FROM `schema_migrations`[0m
Migrating to CreateTokens (20110603094558)
Migrating to CreateUsers (20110603100020)
Migrating to CreateBadges (20110603121935)
Migrating to CreateBadgesUsers (20110603122424)
Migrating to CreateFriends (20110603123946)
Migrating to CreateVenues (20110603124645)
Migrating to CreateTipsVenues (20110603124828)
Migrating to CreateTagsVenues (20110603125016)
Migrating to CreateFriendsAddressBooks (20110603125804)
  [1m[35mSQL (135.0ms)[0m  CREATE TABLE `friends_address_books` (`id` int(11) DEFAULT NULL auto_increment PRIMARY KEY, `user_id` int(11), `email` varchar(255), `first_name` varchar(255), `last_name` varchar(255), `response_data` text, `created_at` datetime, `updated_at` datetime) ENGINE=InnoDB
  [1m[36mSQL (1.5ms)[0m  [1mINSERT INTO `schema_migrations` (`version`) VALUES ('20110603125804')[0m
  [1m[35mSQL (0.7ms)[0m  SHOW TABLES
  [1m[36mSQL (0.2ms)[0m  [1mSELECT `schema_migrations`.`version` FROM `schema_migrations`[0m
  [1m[35mSQL (0.5ms)[0m  SHOW TABLES
  [1m[36mSQL (2.6ms)[0m  [1mdescribe `badges`[0m
  [1m[35mSQL (0.3ms)[0m  SHOW KEYS FROM `badges`
  [1m[36mSQL (2.7ms)[0m  [1mdescribe `badges_users`[0m
  [1m[35mSQL (0.3ms)[0m  SHOW KEYS FROM `badges_users`
  [1m[36mSQL (2.7ms)[0m  [1mdescribe `friends`[0m
  [1m[35mSQL (0.3ms)[0m  SHOW KEYS FROM `friends`
  [1m[36mSQL (2.4ms)[0m  [1mdescribe `friends_address_books`[0m
  [1m[35mSQL (0.3ms)[0m  SHOW KEYS FROM `friends_address_books`
  [1m[36mSQL (2.5ms)[0m  [1mdescribe `tags_venues`[0m
  [1m[35mSQL (0.3ms)[0m  SHOW KEYS FROM `tags_venues`
  [1m[36mSQL (2.9ms)[0m  [1mdescribe `tips_venues`[0m
  [1m[35mSQL (0.3ms)[0m  SHOW KEYS FROM `tips_venues`
  [1m[36mSQL (2.2ms)[0m  [1mdescribe `tokens`[0m
  [1m[35mSQL (0.3ms)[0m  SHOW KEYS FROM `tokens`
  [1m[36mSQL (4.1ms)[0m  [1mdescribe `users`[0m
  [1m[35mSQL (0.3ms)[0m  SHOW KEYS FROM `users`
  [1m[36mSQL (3.4ms)[0m  [1mdescribe `venues`[0m
  [1m[35mSQL (0.3ms)[0m  SHOW KEYS FROM `venues`
